[2020-10-15 15:06:44,208] [views.py:165] [views:find_pwd] [INFO]- 该用户需要进行找回密码b642b63fc4c64393bc76f3acba8aaba7
[2020-10-15 15:06:45,556] [basehttp.py:124] [basehttp:log_message] [INFO]- "POST /user/find_pwd HTTP/1.1" 200 18
[2020-10-15 15:06:55,557] [basehttp.py:124] [basehttp:log_message] [INFO]- "GET /user/modify_pwd?token=f289d980bf5546d0a5d16f4d847c4b79 HTTP/1.1" 200 3770
[2020-10-15 15:07:01,559] [exception.py:118] [exception:handle_uncaught_exception] [ERROR]- Internal Server Error: /user/modify_pwd
Traceback (most recent call last):
  File "D:\Envs\Django2020\lib\site-packages\django\core\handlers\exception.py", line 35, in inner
    response = get_response(request)
  File "D:\Envs\Django2020\lib\site-packages\django\core\handlers\base.py", line 128, in _get_response
    response = self.process_exception_by_middleware(e, request)
  File "D:\Envs\Django2020\lib\site-packages\django\core\handlers\base.py", line 126, in _get_response
    response = wrapped_callback(request, *callback_args, **callback_kwargs)
  File "C:\Users\xinxi\PycharmProjects\Qinxiangshuge\user\views.py", line 201, in modify_pwd
    user.password = password
AttributeError: 'NoneType' object has no attribute 'password'
[2020-10-15 15:07:01,719] [basehttp.py:124] [basehttp:log_message] [ERROR]- "POST /user/modify_pwd HTTP/1.1" 500 76073
[2020-10-15 15:10:21,944] [exception.py:118] [exception:handle_uncaught_exception] [ERROR]- Internal Server Error: /user/modify_pwd
Traceback (most recent call last):
  File "D:\Envs\Django2020\lib\site-packages\django\core\handlers\exception.py", line 35, in inner
    response = get_response(request)
  File "D:\Envs\Django2020\lib\site-packages\django\core\handlers\base.py", line 128, in _get_response
    response = self.process_exception_by_middleware(e, request)
  File "D:\Envs\Django2020\lib\site-packages\django\core\handlers\base.py", line 126, in _get_response
    response = wrapped_callback(request, *callback_args, **callback_kwargs)
  File "C:\Users\xinxi\PycharmProjects\Qinxiangshuge\user\views.py", line 201, in modify_pwd
    user.password = password
AttributeError: 'NoneType' object has no attribute 'password'
[2020-10-15 15:10:21,997] [basehttp.py:124] [basehttp:log_message] [ERROR]- "POST /user/modify_pwd HTTP/1.1" 500 76199
[2020-10-15 15:14:47,530] [basehttp.py:124] [basehttp:log_message] [INFO]- "GET /user/login HTTP/1.1" 200 4596
[2020-10-15 15:14:47,595] [basehttp.py:124] [basehttp:log_message] [INFO]- "GET /user/draw HTTP/1.1" 200 2448
[2020-10-15 15:14:51,546] [basehttp.py:124] [basehttp:log_message] [INFO]- "GET /user/find_pwd HTTP/1.1" 200 3719
[2020-10-15 15:14:56,021] [views.py:165] [views:find_pwd] [INFO]- 该用户需要进行找回密码b642b63fc4c64393bc76f3acba8aaba7
[2020-10-15 15:14:56,025] [views.py:170] [views:find_pwd] [INFO]- token的绑定情况为c87e7ee2560040488bd6f94153759779--->b642b63fc4c64393bc76f3acba8aaba7
[2020-10-15 15:14:57,375] [basehttp.py:124] [basehttp:log_message] [INFO]- "POST /user/find_pwd HTTP/1.1" 200 18
[2020-10-15 15:15:11,563] [basehttp.py:124] [basehttp:log_message] [INFO]- "GET /user/modify_pwd?token=c87e7ee2560040488bd6f94153759779 HTTP/1.1" 200 3770
[2020-10-15 15:15:19,517] [views.py:201] [views:modify_pwd] [INFO]- 通过token：None获取到的用户uid：None
[2020-10-15 15:15:19,648] [exception.py:118] [exception:handle_uncaught_exception] [ERROR]- Internal Server Error: /user/modify_pwd
Traceback (most recent call last):
  File "D:\Envs\Django2020\lib\site-packages\django\core\handlers\exception.py", line 35, in inner
    response = get_response(request)
  File "D:\Envs\Django2020\lib\site-packages\django\core\handlers\base.py", line 128, in _get_response
    response = self.process_exception_by_middleware(e, request)
  File "D:\Envs\Django2020\lib\site-packages\django\core\handlers\base.py", line 126, in _get_response
    response = wrapped_callback(request, *callback_args, **callback_kwargs)
  File "C:\Users\xinxi\PycharmProjects\Qinxiangshuge\user\views.py", line 204, in modify_pwd
    user.password = password
AttributeError: 'NoneType' object has no attribute 'password'
[2020-10-15 15:15:19,816] [basehttp.py:124] [basehttp:log_message] [ERROR]- "POST /user/modify_pwd HTTP/1.1" 500 76064
[2020-10-15 15:20:57,400] [basehttp.py:124] [basehttp:log_message] [INFO]- "GET /user/find_pwd HTTP/1.1" 200 3719
[2020-10-15 15:21:00,447] [basehttp.py:124] [basehttp:log_message] [INFO]- "GET /user/find_pwd HTTP/1.1" 200 3719
[2020-10-15 15:21:22,538] [views.py:165] [views:find_pwd] [INFO]- 该用户需要进行找回密码b642b63fc4c64393bc76f3acba8aaba7
[2020-10-15 15:21:22,541] [views.py:170] [views:find_pwd] [INFO]- token的绑定情况为4e43f105a63d45a6943540b2cd9203f4--->b642b63fc4c64393bc76f3acba8aaba7
[2020-10-15 15:21:24,615] [basehttp.py:124] [basehttp:log_message] [INFO]- "POST /user/find_pwd HTTP/1.1" 200 18
[2020-10-15 15:21:35,143] [basehttp.py:124] [basehttp:log_message] [INFO]- "GET /user/modify_pwd?token=4e43f105a63d45a6943540b2cd9203f4 HTTP/1.1" 200 3770
[2020-10-15 15:21:47,669] [views.py:201] [views:modify_pwd] [INFO]- 通过token：None获取到的用户uid：None
[2020-10-15 15:21:47,802] [exception.py:118] [exception:handle_uncaught_exception] [ERROR]- Internal Server Error: /user/modify_pwd
Traceback (most recent call last):
  File "D:\Envs\Django2020\lib\site-packages\django\core\handlers\exception.py", line 35, in inner
    response = get_response(request)
  File "D:\Envs\Django2020\lib\site-packages\django\core\handlers\base.py", line 128, in _get_response
    response = self.process_exception_by_middleware(e, request)
  File "D:\Envs\Django2020\lib\site-packages\django\core\handlers\base.py", line 126, in _get_response
    response = wrapped_callback(request, *callback_args, **callback_kwargs)
  File "C:\Users\xinxi\PycharmProjects\Qinxiangshuge\user\views.py", line 204, in modify_pwd
    user.password = password
AttributeError: 'NoneType' object has no attribute 'password'
[2020-10-15 15:21:47,952] [basehttp.py:124] [basehttp:log_message] [ERROR]- "POST /user/modify_pwd HTTP/1.1" 500 76122
[2020-10-15 15:23:31,859] [basehttp.py:124] [basehttp:log_message] [INFO]- "GET /user/find_pwd HTTP/1.1" 200 3719
[2020-10-15 15:23:35,020] [views.py:165] [views:find_pwd] [INFO]- 该用户需要进行找回密码b642b63fc4c64393bc76f3acba8aaba7
[2020-10-15 15:23:35,022] [views.py:170] [views:find_pwd] [INFO]- token的绑定情况为2626bc089bf641c69d1518a0671e110f--->b642b63fc4c64393bc76f3acba8aaba7
[2020-10-15 15:23:36,351] [basehttp.py:124] [basehttp:log_message] [INFO]- "POST /user/find_pwd HTTP/1.1" 200 18
[2020-10-15 15:25:10,982] [basehttp.py:124] [basehttp:log_message] [INFO]- "GET /user/find_pwd HTTP/1.1" 200 3719
[2020-10-15 15:25:14,715] [basehttp.py:124] [basehttp:log_message] [INFO]- "GET /user/find_pwd HTTP/1.1" 200 3719
[2020-10-15 15:25:19,417] [views.py:165] [views:find_pwd] [INFO]- 该用户需要进行找回密码b642b63fc4c64393bc76f3acba8aaba7
[2020-10-15 15:25:19,420] [views.py:170] [views:find_pwd] [INFO]- token的绑定情况为64dc57207b6a4b7e934bada2782523a4--->b642b63fc4c64393bc76f3acba8aaba7
[2020-10-15 15:25:20,780] [basehttp.py:124] [basehttp:log_message] [INFO]- "POST /user/find_pwd HTTP/1.1" 200 18
[2020-10-15 15:26:10,847] [basehttp.py:124] [basehttp:log_message] [INFO]- "GET /user/find_pwd HTTP/1.1" 200 3719
[2020-10-15 15:26:14,430] [basehttp.py:124] [basehttp:log_message] [INFO]- "GET /user/find_pwd HTTP/1.1" 200 3719
[2020-10-15 15:26:18,554] [views.py:165] [views:find_pwd] [INFO]- 该用户需要进行找回密码b642b63fc4c64393bc76f3acba8aaba7
[2020-10-15 15:26:18,557] [views.py:170] [views:find_pwd] [INFO]- token的绑定情况为145c3320eb834e1e88642e5be802f318--->b642b63fc4c64393bc76f3acba8aaba7
[2020-10-15 15:26:19,890] [basehttp.py:124] [basehttp:log_message] [INFO]- "POST /user/find_pwd HTTP/1.1" 200 18
[2020-10-15 15:26:38,329] [basehttp.py:124] [basehttp:log_message] [INFO]- "GET /user/modify_pwd?token=145c3320eb834e1e88642e5be802f318 HTTP/1.1" 200 3770
[2020-10-15 15:26:48,903] [views.py:202] [views:modify_pwd] [INFO]- 通过token：None获取到的用户uid：None
[2020-10-15 15:26:49,043] [exception.py:118] [exception:handle_uncaught_exception] [ERROR]- Internal Server Error: /user/modify_pwd
Traceback (most recent call last):
  File "D:\Envs\Django2020\lib\site-packages\django\core\handlers\exception.py", line 35, in inner
    response = get_response(request)
  File "D:\Envs\Django2020\lib\site-packages\django\core\handlers\base.py", line 128, in _get_response
    response = self.process_exception_by_middleware(e, request)
  File "D:\Envs\Django2020\lib\site-packages\django\core\handlers\base.py", line 126, in _get_response
    response = wrapped_callback(request, *callback_args, **callback_kwargs)
  File "C:\Users\xinxi\PycharmProjects\Qinxiangshuge\user\views.py", line 205, in modify_pwd
    user.password = password
AttributeError: 'NoneType' object has no attribute 'password'
[2020-10-15 15:26:49,207] [basehttp.py:124] [basehttp:log_message] [ERROR]- "POST /user/modify_pwd HTTP/1.1" 500 76100
[2020-10-15 15:29:57,919] [basehttp.py:124] [basehttp:log_message] [INFO]- "GET /user/modify_pwd?token=145c3320eb834e1e88642e5be802f318 HTTP/1.1" 200 3770
[2020-10-15 15:31:14,513] [basehttp.py:124] [basehttp:log_message] [INFO]- "GET /user/modify_pwd?token=145c3320eb834e1e88642e5be802f318 HTTP/1.1" 200 3770
[2020-10-15 15:33:31,452] [basehttp.py:124] [basehttp:log_message] [INFO]- "GET /user/modify_pwd?token=145c3320eb834e1e88642e5be802f318 HTTP/1.1" 200 3770
[2020-10-15 15:34:45,903] [basehttp.py:124] [basehttp:log_message] [INFO]- "GET /user/modify_pwd?token=145c3320eb834e1e88642e5be802f318 HTTP/1.1" 200 3802
[2020-10-15 15:35:03,704] [basehttp.py:124] [basehttp:log_message] [INFO]- "GET /user/find_pwd HTTP/1.1" 200 3719
[2020-10-15 15:35:08,563] [basehttp.py:124] [basehttp:log_message] [INFO]- "GET /user/find_pwd HTTP/1.1" 200 3719
[2020-10-15 15:35:12,168] [views.py:165] [views:find_pwd] [INFO]- 该用户需要进行找回密码b642b63fc4c64393bc76f3acba8aaba7
[2020-10-15 15:35:12,171] [views.py:170] [views:find_pwd] [INFO]- token的绑定情况为38c1c85083734ea6bce71bd642df06e4--->b642b63fc4c64393bc76f3acba8aaba7
[2020-10-15 15:35:13,549] [basehttp.py:124] [basehttp:log_message] [INFO]- "POST /user/find_pwd HTTP/1.1" 200 18
[2020-10-15 15:35:29,138] [basehttp.py:124] [basehttp:log_message] [INFO]- "GET /user/modify_pwd?token=38c1c85083734ea6bce71bd642df06e4 HTTP/1.1" 200 3802
[2020-10-15 15:35:41,056] [views.py:202] [views:modify_pwd] [INFO]- 通过token：None获取到的用户uid：None
[2020-10-15 15:35:41,213] [exception.py:118] [exception:handle_uncaught_exception] [ERROR]- Internal Server Error: /user/modify_pwd
Traceback (most recent call last):
  File "D:\Envs\Django2020\lib\site-packages\django\core\handlers\exception.py", line 35, in inner
    response = get_response(request)
  File "D:\Envs\Django2020\lib\site-packages\django\core\handlers\base.py", line 128, in _get_response
    response = self.process_exception_by_middleware(e, request)
  File "D:\Envs\Django2020\lib\site-packages\django\core\handlers\base.py", line 126, in _get_response
    response = wrapped_callback(request, *callback_args, **callback_kwargs)
  File "C:\Users\xinxi\PycharmProjects\Qinxiangshuge\user\views.py", line 205, in modify_pwd
    user.password = password
AttributeError: 'NoneType' object has no attribute 'password'
[2020-10-15 15:35:41,360] [basehttp.py:124] [basehttp:log_message] [ERROR]- "POST /user/modify_pwd HTTP/1.1" 500 76435
[2020-10-15 15:36:12,549] [basehttp.py:124] [basehttp:log_message] [INFO]- "GET /user/modify_pwd?token=38c1c85083734ea6bce71bd642df06e4 HTTP/1.1" 200 3802
[2020-10-15 15:36:23,292] [views.py:201] [views:modify_pwd] [INFO]- 通过token：38c1c85083734ea6bce71bd642df06e4获取到的用户uid：b642b63fc4c64393bc76f3acba8aaba7
[2020-10-15 15:36:23,431] [basehttp.py:124] [basehttp:log_message] [INFO]- "POST /user/modify_pwd HTTP/1.1" 200 18
[2020-10-15 15:37:00,869] [basehttp.py:124] [basehttp:log_message] [INFO]- "GET /user/login HTTP/1.1" 200 4596
[2020-10-15 15:37:00,925] [basehttp.py:124] [basehttp:log_message] [INFO]- "GET /user/draw HTTP/1.1" 200 2505
[2020-10-15 15:37:22,495] [basehttp.py:124] [basehttp:log_message] [INFO]- "POST /user/login HTTP/1.1" 200 4615
[2020-10-15 15:37:22,575] [basehttp.py:124] [basehttp:log_message] [INFO]- "GET /user/draw HTTP/1.1" 200 2871
[2020-10-15 15:37:31,073] [basehttp.py:124] [basehttp:log_message] [INFO]- "GET /user/find_pwd HTTP/1.1" 200 3719
[2020-10-15 15:37:34,631] [views.py:165] [views:find_pwd] [INFO]- 该用户需要进行找回密码b642b63fc4c64393bc76f3acba8aaba7
[2020-10-15 15:37:34,634] [views.py:170] [views:find_pwd] [INFO]- token的绑定情况为6b1b00babad24a59b1625a86be8c04d0--->b642b63fc4c64393bc76f3acba8aaba7
[2020-10-15 15:37:36,041] [basehttp.py:124] [basehttp:log_message] [INFO]- "POST /user/find_pwd HTTP/1.1" 200 18
[2020-10-15 15:37:50,805] [basehttp.py:124] [basehttp:log_message] [INFO]- "GET /user/modify_pwd?token=6b1b00babad24a59b1625a86be8c04d0 HTTP/1.1" 200 3802
[2020-10-15 15:37:59,152] [views.py:201] [views:modify_pwd] [INFO]- 通过token：6b1b00babad24a59b1625a86be8c04d0获取到的用户uid：b642b63fc4c64393bc76f3acba8aaba7
[2020-10-15 15:37:59,309] [basehttp.py:124] [basehttp:log_message] [INFO]- "POST /user/modify_pwd HTTP/1.1" 200 18
[2020-10-15 15:38:03,961] [basehttp.py:124] [basehttp:log_message] [INFO]- "GET /user/login HTTP/1.1" 200 4596
[2020-10-15 15:38:04,010] [basehttp.py:124] [basehttp:log_message] [INFO]- "GET /user/draw HTTP/1.1" 200 2519
[2020-10-15 15:38:13,106] [basehttp.py:124] [basehttp:log_message] [INFO]- "POST /user/login HTTP/1.1" 302 0
[2020-10-15 15:38:13,111] [basehttp.py:124] [basehttp:log_message] [INFO]- "GET /user/index HTTP/1.1" 200 6
[2020-10-15 15:38:20,752] [basehttp.py:124] [basehttp:log_message] [INFO]- "GET /user/login HTTP/1.1" 200 4596
[2020-10-15 15:38:20,803] [basehttp.py:124] [basehttp:log_message] [INFO]- "GET /user/draw HTTP/1.1" 200 2823
[2020-10-15 15:38:37,253] [basehttp.py:124] [basehttp:log_message] [INFO]- "POST /user/login HTTP/1.1" 200 4615
[2020-10-15 15:38:37,307] [basehttp.py:124] [basehttp:log_message] [INFO]- "GET /user/draw HTTP/1.1" 200 2672
[2020-10-15 15:44:11,954] [basehttp.py:124] [basehttp:log_message] [INFO]- "GET /user/find_pwd HTTP/1.1" 200 3719
[2020-10-15 15:46:42,131] [basehttp.py:124] [basehttp:log_message] [INFO]- "GET /user/modify_pwd?token=6b1b00babad24a59b1625a86be8c04d0 HTTP/1.1" 200 3802
[2020-10-15 15:55:26,718] [basehttp.py:124] [basehttp:log_message] [INFO]- "GET /user/modify_pwd?token=6b1b00babad24a59b1625a86be8c04d0 HTTP/1.1" 200 3802
[2020-10-15 15:55:30,584] [views.py:201] [views:modify_pwd] [INFO]- 通过token：None获取到的用户uid：None
[2020-10-15 15:55:30,725] [basehttp.py:124] [basehttp:log_message] [INFO]- "POST /user/modify_pwd HTTP/1.1" 200 18
[2020-10-15 15:56:55,366] [basehttp.py:124] [basehttp:log_message] [INFO]- "GET /user/login HTTP/1.1" 200 4596
[2020-10-15 15:56:55,428] [basehttp.py:124] [basehttp:log_message] [INFO]- "GET /user/draw HTTP/1.1" 200 2841
[2020-10-15 16:00:51,223] [basehttp.py:124] [basehttp:log_message] [INFO]- "GET /user/login HTTP/1.1" 200 4583
[2020-10-15 16:00:51,288] [basehttp.py:124] [basehttp:log_message] [INFO]- "GET /user/draw HTTP/1.1" 200 2497
[2020-10-15 16:01:06,752] [basehttp.py:124] [basehttp:log_message] [INFO]- "GET /user/draw?ran=0.8084110855719131 HTTP/1.1" 200 2568
[2020-10-15 16:01:08,196] [basehttp.py:124] [basehttp:log_message] [INFO]- "GET /user/draw?ran=0.2581505021681172 HTTP/1.1" 200 2733
[2020-10-15 16:01:16,611] [basehttp.py:124] [basehttp:log_message] [INFO]- "POST /user/login HTTP/1.1" 200 4598
[2020-10-15 16:01:16,670] [basehttp.py:124] [basehttp:log_message] [INFO]- "GET /user/draw HTTP/1.1" 200 2348
[2020-10-15 16:01:34,202] [basehttp.py:124] [basehttp:log_message] [INFO]- "POST /user/login HTTP/1.1" 200 4610
[2020-10-15 16:01:34,254] [basehttp.py:124] [basehttp:log_message] [INFO]- "GET /user/draw HTTP/1.1" 200 2573
[2020-10-15 16:01:43,687] [basehttp.py:124] [basehttp:log_message] [INFO]- "GET /user/draw?ran=0.6390897570052267 HTTP/1.1" 200 2644
[2020-10-15 16:01:50,571] [basehttp.py:124] [basehttp:log_message] [INFO]- "POST /user/login HTTP/1.1" 200 4610
[2020-10-15 16:01:50,620] [basehttp.py:124] [basehttp:log_message] [INFO]- "GET /user/draw HTTP/1.1" 200 2892
[2020-10-15 16:02:13,170] [basehttp.py:124] [basehttp:log_message] [INFO]- "POST /user/login HTTP/1.1" 200 4604
[2020-10-15 16:02:13,219] [basehttp.py:124] [basehttp:log_message] [INFO]- "GET /user/draw HTTP/1.1" 200 2618
[2020-10-15 16:02:45,704] [basehttp.py:124] [basehttp:log_message] [INFO]- "POST /user/login HTTP/1.1" 200 4598
[2020-10-15 16:02:45,759] [basehttp.py:124] [basehttp:log_message] [INFO]- "GET /user/draw HTTP/1.1" 200 2631
[2020-10-15 16:02:50,644] [basehttp.py:124] [basehttp:log_message] [INFO]- "GET /user/draw?ran=0.03308700512761531 HTTP/1.1" 200 2782
[2020-10-15 16:03:03,924] [basehttp.py:124] [basehttp:log_message] [INFO]- "POST /user/login HTTP/1.1" 302 0
[2020-10-15 16:03:03,931] [basehttp.py:124] [basehttp:log_message] [INFO]- "GET /user/index HTTP/1.1" 200 6
[2020-10-15 16:04:59,798] [basehttp.py:124] [basehttp:log_message] [INFO]- "GET /user/index HTTP/1.1" 200 6
[2020-10-15 16:06:37,049] [basehttp.py:124] [basehttp:log_message] [INFO]- "GET /user/index HTTP/1.1" 200 6
[2020-10-15 16:06:52,975] [basehttp.py:124] [basehttp:log_message] [INFO]- "GET /user/index HTTP/1.1" 200 6
[2020-10-15 16:08:29,350] [basehttp.py:124] [basehttp:log_message] [INFO]- "GET /user/index HTTP/1.1" 200 6
[2020-10-15 17:28:09,220] [basehttp.py:124] [basehttp:log_message] [INFO]- "GET /user/index HTTP/1.1" 200 2379
[2020-10-15 17:34:09,160] [basehttp.py:124] [basehttp:log_message] [INFO]- "GET /user/index HTTP/1.1" 200 2457
[2020-10-15 17:34:14,858] [basehttp.py:124] [basehttp:log_message] [INFO]- "GET /user/logout HTTP/1.1" 302 0
[2020-10-15 17:34:14,867] [basehttp.py:124] [basehttp:log_message] [INFO]- "GET /user/login HTTP/1.1" 200 4661
[2020-10-15 17:34:14,897] [basehttp.py:124] [basehttp:log_message] [INFO]- "GET /user/draw HTTP/1.1" 200 2572
[2020-10-15 17:34:51,169] [basehttp.py:124] [basehttp:log_message] [INFO]- "GET /user/logout HTTP/1.1" 302 0
[2020-10-15 17:34:51,180] [basehttp.py:124] [basehttp:log_message] [INFO]- "GET /user/login HTTP/1.1" 200 4661
[2020-10-15 17:34:51,208] [basehttp.py:124] [basehttp:log_message] [INFO]- "GET /user/draw HTTP/1.1" 200 2549
[2020-10-15 17:34:51,866] [basehttp.py:124] [basehttp:log_message] [INFO]- "GET /user/logout HTTP/1.1" 302 0
[2020-10-15 17:34:51,874] [basehttp.py:124] [basehttp:log_message] [INFO]- "GET /user/login HTTP/1.1" 200 4661
[2020-10-15 17:34:51,908] [basehttp.py:124] [basehttp:log_message] [INFO]- "GET /user/draw HTTP/1.1" 200 2814
[2020-10-15 17:34:52,341] [basehttp.py:124] [basehttp:log_message] [INFO]- "GET /user/logout HTTP/1.1" 302 0
[2020-10-15 17:34:52,355] [basehttp.py:124] [basehttp:log_message] [INFO]- "GET /user/login HTTP/1.1" 200 4661
[2020-10-15 17:34:52,387] [basehttp.py:124] [basehttp:log_message] [INFO]- "GET /user/draw HTTP/1.1" 200 2563
[2020-10-15 17:38:36,071] [basehttp.py:124] [basehttp:log_message] [INFO]- "GET /user/login HTTP/1.1" 200 4661
[2020-10-15 17:38:36,111] [basehttp.py:124] [basehttp:log_message] [INFO]- "GET /user/draw HTTP/1.1" 200 2646
[2020-10-15 17:38:36,677] [basehttp.py:124] [basehttp:log_message] [INFO]- "GET /user/login HTTP/1.1" 200 4661
[2020-10-15 17:38:36,716] [basehttp.py:124] [basehttp:log_message] [INFO]- "GET /user/draw HTTP/1.1" 200 2507
[2020-10-15 17:38:36,950] [basehttp.py:124] [basehttp:log_message] [INFO]- "GET /user/login HTTP/1.1" 200 4661
[2020-10-15 17:38:36,996] [basehttp.py:124] [basehttp:log_message] [INFO]- "GET /user/draw HTTP/1.1" 200 2838
[2020-10-15 17:38:38,333] [basehttp.py:124] [basehttp:log_message] [INFO]- "GET /user/logout HTTP/1.1" 302 0
[2020-10-15 17:38:38,343] [basehttp.py:124] [basehttp:log_message] [INFO]- "GET /user/login HTTP/1.1" 200 4661
[2020-10-15 17:38:38,375] [basehttp.py:124] [basehttp:log_message] [INFO]- "GET /user/draw HTTP/1.1" 200 2675
[2020-10-15 17:39:36,545] [basehttp.py:124] [basehttp:log_message] [INFO]- "GET /user/login HTTP/1.1" 200 4706
[2020-10-15 17:39:36,586] [basehttp.py:124] [basehttp:log_message] [INFO]- "GET /user/draw HTTP/1.1" 200 2770
[2020-10-15 17:39:37,465] [basehttp.py:124] [basehttp:log_message] [INFO]- "GET /user/login HTTP/1.1" 200 4706
[2020-10-15 17:39:37,506] [basehttp.py:124] [basehttp:log_message] [INFO]- "GET /user/draw HTTP/1.1" 200 2511
[2020-10-15 17:39:37,785] [basehttp.py:124] [basehttp:log_message] [INFO]- "GET /user/login HTTP/1.1" 200 4706
[2020-10-15 17:39:37,827] [basehttp.py:124] [basehttp:log_message] [INFO]- "GET /user/draw HTTP/1.1" 200 2243
[2020-10-15 17:39:38,020] [basehttp.py:124] [basehttp:log_message] [INFO]- "GET /user/login HTTP/1.1" 200 4706
[2020-10-15 17:39:38,063] [basehttp.py:124] [basehttp:log_message] [INFO]- "GET /user/draw HTTP/1.1" 200 2489
[2020-10-15 17:39:38,196] [basehttp.py:124] [basehttp:log_message] [INFO]- "GET /user/login HTTP/1.1" 200 4706
[2020-10-15 17:39:38,239] [basehttp.py:124] [basehttp:log_message] [INFO]- "GET /user/draw HTTP/1.1" 200 2589
[2020-10-15 17:39:40,004] [basehttp.py:124] [basehttp:log_message] [INFO]- "GET /user/login HTTP/1.1" 200 4706
[2020-10-15 17:39:40,042] [basehttp.py:124] [basehttp:log_message] [INFO]- "GET /user/draw HTTP/1.1" 200 2617
[2020-10-15 17:39:40,201] [basehttp.py:124] [basehttp:log_message] [INFO]- "GET /user/login HTTP/1.1" 200 4706
[2020-10-15 17:39:40,253] [basehttp.py:124] [basehttp:log_message] [INFO]- "GET /user/draw HTTP/1.1" 200 2759
[2020-10-15 17:39:45,109] [basehttp.py:124] [basehttp:log_message] [INFO]- "GET /user/login HTTP/1.1" 200 4706
[2020-10-15 17:39:45,151] [basehttp.py:124] [basehttp:log_message] [INFO]- "GET /user/draw HTTP/1.1" 200 2729
[2020-10-15 17:39:45,346] [basehttp.py:124] [basehttp:log_message] [INFO]- "GET /user/login HTTP/1.1" 200 4706
[2020-10-15 17:39:45,388] [basehttp.py:124] [basehttp:log_message] [INFO]- "GET /user/draw HTTP/1.1" 200 2475
[2020-10-15 17:39:45,554] [basehttp.py:124] [basehttp:log_message] [INFO]- "GET /user/login HTTP/1.1" 200 4706
[2020-10-15 17:39:45,599] [basehttp.py:124] [basehttp:log_message] [INFO]- "GET /user/draw HTTP/1.1" 200 2887
[2020-10-15 17:39:46,054] [basehttp.py:124] [basehttp:log_message] [INFO]- "GET /user/login HTTP/1.1" 200 4706
[2020-10-15 17:39:46,089] [basehttp.py:124] [basehttp:log_message] [INFO]- "GET /user/draw HTTP/1.1" 200 2671
[2020-10-15 17:39:46,251] [basehttp.py:124] [basehttp:log_message] [INFO]- "GET /user/login HTTP/1.1" 200 4706
[2020-10-15 17:39:46,297] [basehttp.py:124] [basehttp:log_message] [INFO]- "GET /user/draw HTTP/1.1" 200 2589
[2020-10-15 17:39:58,795] [basehttp.py:124] [basehttp:log_message] [INFO]- "POST /user/login HTTP/1.1" 302 0
[2020-10-15 17:39:58,811] [basehttp.py:124] [basehttp:log_message] [INFO]- "GET /user/index HTTP/1.1" 200 2457
[2020-10-15 17:40:03,493] [basehttp.py:124] [basehttp:log_message] [INFO]- "GET /user/logout HTTP/1.1" 302 0
[2020-10-15 17:40:03,502] [basehttp.py:124] [basehttp:log_message] [INFO]- "GET /user/login HTTP/1.1" 200 4706
[2020-10-15 17:40:03,533] [basehttp.py:124] [basehttp:log_message] [INFO]- "GET /user/draw HTTP/1.1" 200 2314
[2020-10-15 17:41:18,458] [basehttp.py:124] [basehttp:log_message] [INFO]- "GET /user/login HTTP/1.1" 200 4706
[2020-10-15 17:41:18,501] [basehttp.py:124] [basehttp:log_message] [INFO]- "GET /user/draw HTTP/1.1" 200 2615
[2020-10-15 17:41:29,356] [basehttp.py:124] [basehttp:log_message] [INFO]- "POST /user/login HTTP/1.1" 302 0
[2020-10-15 17:41:29,372] [basehttp.py:124] [basehttp:log_message] [INFO]- "GET /user/index HTTP/1.1" 200 2469
[2020-10-15 17:42:02,619] [basehttp.py:124] [basehttp:log_message] [INFO]- "GET /user/index HTTP/1.1" 200 2473
[2020-10-15 17:42:04,608] [basehttp.py:124] [basehttp:log_message] [INFO]- "GET /user/index HTTP/1.1" 200 2473
[2020-10-15 17:42:05,364] [basehttp.py:124] [basehttp:log_message] [INFO]- "GET /user/index HTTP/1.1" 200 2473
[2020-10-15 17:42:05,749] [basehttp.py:124] [basehttp:log_message] [INFO]- "GET /user/index HTTP/1.1" 200 2473
[2020-10-15 17:42:06,011] [basehttp.py:124] [basehttp:log_message] [INFO]- "GET /user/index HTTP/1.1" 200 2473
[2020-10-15 17:42:06,229] [basehttp.py:124] [basehttp:log_message] [INFO]- "GET /user/index HTTP/1.1" 200 2473
[2020-10-15 17:42:06,438] [basehttp.py:124] [basehttp:log_message] [INFO]- "GET /user/index HTTP/1.1" 200 2473
[2020-10-15 17:42:28,876] [basehttp.py:124] [basehttp:log_message] [INFO]- "GET /user/index HTTP/1.1" 200 2570
[2020-10-15 17:42:29,668] [basehttp.py:124] [basehttp:log_message] [INFO]- "GET /user/index HTTP/1.1" 200 2570
[2020-10-15 17:42:29,903] [basehttp.py:124] [basehttp:log_message] [INFO]- "GET /user/index HTTP/1.1" 200 2570
[2020-10-15 17:42:30,106] [basehttp.py:124] [basehttp:log_message] [INFO]- "GET /user/index HTTP/1.1" 200 2570
[2020-10-15 17:42:30,537] [basehttp.py:124] [basehttp:log_message] [INFO]- "GET /user/index HTTP/1.1" 200 2570
[2020-10-15 17:42:33,121] [basehttp.py:124] [basehttp:log_message] [INFO]- "GET /user/logout HTTP/1.1" 302 0
[2020-10-15 17:42:33,130] [basehttp.py:124] [basehttp:log_message] [INFO]- "GET /user/login HTTP/1.1" 200 4706
[2020-10-15 17:42:33,161] [basehttp.py:124] [basehttp:log_message] [INFO]- "GET /user/draw HTTP/1.1" 200 2859
[2020-10-15 17:43:33,429] [basehttp.py:124] [basehttp:log_message] [INFO]- "GET /user/index HTTP/1.1" 200 2486
[2020-10-15 17:43:34,286] [basehttp.py:124] [basehttp:log_message] [INFO]- "GET /user/index HTTP/1.1" 200 2486
[2020-10-15 17:43:34,522] [basehttp.py:124] [basehttp:log_message] [INFO]- "GET /user/index HTTP/1.1" 200 2486
[2020-10-15 17:43:34,739] [basehttp.py:124] [basehttp:log_message] [INFO]- "GET /user/index HTTP/1.1" 200 2486
[2020-10-15 17:43:34,954] [basehttp.py:124] [basehttp:log_message] [INFO]- "GET /user/index HTTP/1.1" 200 2486
[2020-10-15 17:43:35,404] [basehttp.py:124] [basehttp:log_message] [INFO]- "GET /user/index HTTP/1.1" 200 2486
[2020-10-15 17:43:35,664] [basehttp.py:124] [basehttp:log_message] [INFO]- "GET /user/index HTTP/1.1" 200 2486
[2020-10-15 17:43:35,972] [basehttp.py:124] [basehttp:log_message] [INFO]- "GET /user/index HTTP/1.1" 200 2486
[2020-10-15 17:43:36,556] [basehttp.py:124] [basehttp:log_message] [INFO]- "GET /user/index HTTP/1.1" 200 2486
[2020-10-15 17:43:36,791] [basehttp.py:124] [basehttp:log_message] [INFO]- "GET /user/index HTTP/1.1" 200 2486
[2020-10-15 17:43:37,045] [basehttp.py:124] [basehttp:log_message] [INFO]- "GET /user/index HTTP/1.1" 200 2486
[2020-10-15 17:43:37,608] [basehttp.py:124] [basehttp:log_message] [INFO]- "GET /user/index HTTP/1.1" 200 2486
[2020-10-15 17:43:37,857] [basehttp.py:124] [basehttp:log_message] [INFO]- "GET /user/index HTTP/1.1" 200 2486
[2020-10-15 17:43:38,071] [basehttp.py:124] [basehttp:log_message] [INFO]- "GET /user/index HTTP/1.1" 200 2486
[2020-10-15 17:43:39,741] [basehttp.py:124] [basehttp:log_message] [INFO]- "GET /user/index HTTP/1.1" 200 2486
[2020-10-15 17:43:39,960] [basehttp.py:124] [basehttp:log_message] [INFO]- "GET /user/index HTTP/1.1" 200 2486
[2020-10-15 17:43:46,414] [basehttp.py:124] [basehttp:log_message] [INFO]- "GET /user/login HTTP/1.1" 200 4706
[2020-10-15 17:43:46,448] [basehttp.py:124] [basehttp:log_message] [INFO]- "GET /user/draw HTTP/1.1" 200 2554
[2020-10-15 17:43:57,845] [basehttp.py:124] [basehttp:log_message] [INFO]- "POST /user/login HTTP/1.1" 302 0
[2020-10-15 17:43:57,861] [basehttp.py:124] [basehttp:log_message] [INFO]- "GET /user/index HTTP/1.1" 200 2570
[2020-10-15 17:44:33,115] [basehttp.py:124] [basehttp:log_message] [INFO]- "GET /user/index HTTP/1.1" 200 2589
[2020-10-15 17:46:48,703] [basehttp.py:124] [basehttp:log_message] [INFO]- "GET /user/logout HTTP/1.1" 302 0
[2020-10-15 17:46:48,715] [basehttp.py:124] [basehttp:log_message] [INFO]- "GET /user/login HTTP/1.1" 200 4706
[2020-10-15 17:46:48,753] [basehttp.py:124] [basehttp:log_message] [INFO]- "GET /user/draw HTTP/1.1" 200 2907
[2020-10-15 17:46:51,326] [basehttp.py:124] [basehttp:log_message] [INFO]- "GET /user/register HTTP/1.1" 200 6485
[2020-10-15 17:47:51,266] [basehttp.py:124] [basehttp:log_message] [INFO]- "GET /user/send_code?phone=15810868968 HTTP/1.1" 200 53
[2020-10-15 17:48:21,838] [basehttp.py:124] [basehttp:log_message] [INFO]- "POST /user/register HTTP/1.1" 200 12
[2020-10-15 17:48:28,087] [basehttp.py:124] [basehttp:log_message] [INFO]- "GET /user/login HTTP/1.1" 200 4706
[2020-10-15 17:48:28,130] [basehttp.py:124] [basehttp:log_message] [INFO]- "GET /user/draw HTTP/1.1" 200 2770
[2020-10-15 17:48:51,025] [basehttp.py:124] [basehttp:log_message] [INFO]- "POST /user/login HTTP/1.1" 302 0
[2020-10-15 17:48:51,044] [basehttp.py:124] [basehttp:log_message] [INFO]- "GET /user/index HTTP/1.1" 200 2589
[2020-10-15 17:48:58,543] [basehttp.py:124] [basehttp:log_message] [INFO]- "GET /user/logout HTTP/1.1" 302 0
[2020-10-15 17:48:58,553] [basehttp.py:124] [basehttp:log_message] [INFO]- "GET /user/login HTTP/1.1" 200 4793
[2020-10-15 17:48:58,587] [basehttp.py:124] [basehttp:log_message] [INFO]- "GET /user/draw HTTP/1.1" 200 2510
[2020-10-15 17:49:01,029] [basehttp.py:124] [basehttp:log_message] [INFO]- "GET /user/find_pwd HTTP/1.1" 200 3924
[2020-10-15 17:49:05,590] [basehttp.py:124] [basehttp:log_message] [INFO]- "GET /user/login HTTP/1.1" 200 4793
[2020-10-15 17:49:05,635] [basehttp.py:124] [basehttp:log_message] [INFO]- "GET /user/draw HTTP/1.1" 200 2630
[2020-10-15 17:49:06,799] [basehttp.py:124] [basehttp:log_message] [INFO]- "GET /user/register HTTP/1.1" 200 6485
[2020-10-15 17:50:37,499] [base.py:93] [base:get_response] [WARNING]- Not Found: /
[2020-10-15 17:50:37,501] [basehttp.py:124] [basehttp:log_message] [WARNING]- "GET / HTTP/1.1" 404 2033
[2020-10-15 17:50:42,305] [basehttp.py:124] [basehttp:log_message] [INFO]- "GET /user/login HTTP/1.1" 200 4793
[2020-10-15 17:50:42,348] [basehttp.py:124] [basehttp:log_message] [INFO]- "GET /user/draw HTTP/1.1" 200 2928
[2020-10-15 17:50:55,628] [basehttp.py:124] [basehttp:log_message] [INFO]- "POST /user/login HTTP/1.1" 200 4808
[2020-10-15 17:50:55,674] [basehttp.py:124] [basehttp:log_message] [INFO]- "GET /user/draw HTTP/1.1" 200 2375
[2020-10-15 17:51:09,177] [basehttp.py:124] [basehttp:log_message] [INFO]- "POST /user/login HTTP/1.1" 200 4811
[2020-10-15 17:51:09,222] [basehttp.py:124] [basehttp:log_message] [INFO]- "GET /user/draw HTTP/1.1" 200 2837
[2020-10-15 17:51:14,186] [basehttp.py:124] [basehttp:log_message] [INFO]- "GET /user/register HTTP/1.1" 200 6485
[2020-10-15 17:51:30,527] [basehttp.py:124] [basehttp:log_message] [INFO]- "GET /user/send_code?phone=18601981564 HTTP/1.1" 200 53
[2020-10-15 17:51:57,688] [basehttp.py:124] [basehttp:log_message] [INFO]- "POST /user/register HTTP/1.1" 200 12
[2020-10-15 17:52:03,332] [basehttp.py:124] [basehttp:log_message] [INFO]- "GET /user/login HTTP/1.1" 200 4793
[2020-10-15 17:52:03,376] [basehttp.py:124] [basehttp:log_message] [INFO]- "GET /user/draw HTTP/1.1" 200 2816
[2020-10-15 17:52:10,429] [basehttp.py:124] [basehttp:log_message] [INFO]- "POST /user/login HTTP/1.1" 302 0
[2020-10-15 17:52:10,448] [basehttp.py:124] [basehttp:log_message] [INFO]- "GET /user/index HTTP/1.1" 200 2583
[2020-10-15 17:52:20,547] [basehttp.py:124] [basehttp:log_message] [INFO]- "GET /user/index HTTP/1.1" 200 2583
[2020-10-15 17:52:21,498] [basehttp.py:124] [basehttp:log_message] [INFO]- "GET /user/index HTTP/1.1" 200 2583
[2020-10-15 17:52:28,945] [basehttp.py:124] [basehttp:log_message] [INFO]- "GET /user/index HTTP/1.1" 200 2583
[2020-10-15 17:52:47,732] [basehttp.py:124] [basehttp:log_message] [INFO]- "GET /user/index HTTP/1.1" 200 2583
[2020-10-15 17:52:48,018] [base.py:93] [base:get_response] [WARNING]- Not Found: /favicon.ico
[2020-10-15 17:52:48,019] [basehttp.py:124] [basehttp:log_message] [WARNING]- "GET /favicon.ico HTTP/1.1" 404 2084
[2020-10-15 17:53:12,524] [basehttp.py:124] [basehttp:log_message] [INFO]- "GET /user/login HTTP/1.1" 200 4706
[2020-10-15 17:53:12,595] [basehttp.py:124] [basehttp:log_message] [INFO]- "GET /user/draw HTTP/1.1" 200 2632
[2020-10-15 17:53:36,015] [basehttp.py:124] [basehttp:log_message] [INFO]- "GET /user/draw?ran=0.7943721344593353 HTTP/1.1" 200 2828
[2020-10-15 17:53:40,987] [basehttp.py:124] [basehttp:log_message] [INFO]- "POST /user/login HTTP/1.1" 302 0
[2020-10-15 17:53:41,003] [basehttp.py:124] [basehttp:log_message] [INFO]- "GET /user/index HTTP/1.1" 200 2589
[2020-10-15 17:53:45,653] [basehttp.py:124] [basehttp:log_message] [INFO]- "GET /user/index HTTP/1.1" 200 2589
[2020-10-15 17:53:45,779] [base.py:93] [base:get_response] [WARNING]- Not Found: /favicon.ico
[2020-10-15 17:53:45,779] [basehttp.py:124] [basehttp:log_message] [WARNING]- "GET /favicon.ico HTTP/1.1" 404 2084
[2020-10-15 17:53:48,225] [basehttp.py:124] [basehttp:log_message] [INFO]- "GET /user/index HTTP/1.1" 200 2589
[2020-10-15 17:53:48,309] [base.py:93] [base:get_response] [WARNING]- Not Found: /favicon.ico
[2020-10-15 17:53:48,310] [basehttp.py:124] [basehttp:log_message] [WARNING]- "GET /favicon.ico HTTP/1.1" 404 2084
[2020-10-15 17:54:02,340] [basehttp.py:124] [basehttp:log_message] [INFO]- "GET /user/index HTTP/1.1" 200 2589
[2020-10-15 17:54:02,630] [base.py:93] [base:get_response] [WARNING]- Not Found: /favicon.ico
[2020-10-15 17:54:02,631] [basehttp.py:124] [basehttp:log_message] [WARNING]- "GET /favicon.ico HTTP/1.1" 404 2084
[2020-10-15 17:57:00,224] [basehttp.py:124] [basehttp:log_message] [INFO]- "GET /user/logout HTTP/1.1" 302 0
[2020-10-15 17:57:00,247] [basehttp.py:124] [basehttp:log_message] [INFO]- "GET /user/login HTTP/1.1" 200 4706
[2020-10-15 17:57:00,293] [basehttp.py:124] [basehttp:log_message] [INFO]- "GET /user/draw HTTP/1.1" 200 2667
[2020-10-15 17:57:02,225] [basehttp.py:124] [basehttp:log_message] [INFO]- "GET /user/login HTTP/1.1" 200 4706
[2020-10-15 17:57:02,355] [basehttp.py:124] [basehttp:log_message] [INFO]- "GET /user/draw HTTP/1.1" 200 2884
[2020-10-15 17:57:09,700] [basehttp.py:124] [basehttp:log_message] [INFO]- "GET /user/index HTTP/1.1" 200 2486
[2020-10-15 17:57:19,130] [basehttp.py:124] [basehttp:log_message] [INFO]- "GET /user/login HTTP/1.1" 200 4706
[2020-10-15 17:57:19,167] [basehttp.py:124] [basehttp:log_message] [INFO]- "GET /user/draw HTTP/1.1" 200 2932
[2020-10-15 17:57:23,704] [base.py:93] [base:get_response] [WARNING]- Not Found: /favicon.ico
[2020-10-15 17:57:23,705] [basehttp.py:124] [basehttp:log_message] [WARNING]- "GET /favicon.ico HTTP/1.1" 404 2084
[2020-10-15 17:57:23,767] [basehttp.py:124] [basehttp:log_message] [INFO]- "GET /user/login HTTP/1.1" 200 4706
[2020-10-15 17:57:23,890] [basehttp.py:124] [basehttp:log_message] [INFO]- "GET /user/draw HTTP/1.1" 200 2498
[2020-10-15 17:57:29,491] [basehttp.py:124] [basehttp:log_message] [INFO]- "GET /user/draw?ran=0.3911677627470731 HTTP/1.1" 200 2688
[2020-10-15 17:57:30,728] [basehttp.py:124] [basehttp:log_message] [INFO]- "GET /user/draw?ran=0.39579305819565813 HTTP/1.1" 200 2575
[2020-10-15 17:57:34,270] [basehttp.py:124] [basehttp:log_message] [INFO]- "POST /user/login HTTP/1.1" 302 0
[2020-10-15 17:57:34,290] [basehttp.py:124] [basehttp:log_message] [INFO]- "GET /user/index HTTP/1.1" 200 2583
[2020-10-15 17:57:42,459] [basehttp.py:124] [basehttp:log_message] [INFO]- "GET /user/draw?ran=0.4418265844207361 HTTP/1.1" 200 2724
[2020-10-15 17:57:47,168] [basehttp.py:124] [basehttp:log_message] [INFO]- "POST /user/login HTTP/1.1" 302 0
[2020-10-15 17:57:47,185] [basehttp.py:124] [basehttp:log_message] [INFO]- "GET /user/index HTTP/1.1" 200 2583
[2020-10-15 17:57:48,578] [basehttp.py:124] [basehttp:log_message] [INFO]- "GET /user/index HTTP/1.1" 200 2583
[2020-10-15 17:57:52,106] [basehttp.py:124] [basehttp:log_message] [INFO]- "GET /user/index HTTP/1.1" 200 2583
